#
# A fatal error has been detected by the Java Runtime Environment:
#
#  EXCEPTION_ACCESS_VIOLATION (0xc0000005) at pc=0x0000000075e87926, pid=6864, tid=0x00000000000023e0
#
# JRE version: Java(TM) SE Runtime Environment (8.0_121-b13) (build 1.8.0_121-b13)
# Java VM: Java HotSpot(TM) 64-Bit Server VM (25.121-b13 mixed mode windows-amd64 compressed oops)
# Problematic frame:
# C  [jfxwebkit.dll+0x857926]
#
# Failed to write core dump. Minidumps are not enabled by default on client versions of Windows
#
# If you would like to submit a bug report, please visit:
#   http://bugreport.java.com/bugreport/crash.jsp
# The crash happened outside the Java Virtual Machine in native code.
# See problematic frame for where to report the bug.
#

---------------  T H R E A D  ---------------

Current thread (0x000000002a8c5000):  JavaThread "JavaFX Application Thread" [_thread_in_native, id=9184, stack(0x000000002d100000,0x000000002d200000)]

siginfo: ExceptionCode=0xc0000005, writing address 0x0000000000000000

Registers:
RAX=0x000000002d1fbf18, RBX=0x000000002a837600, RCX=0x0000000000000000, RDX=0x0000000000000073
RSP=0x000000002d1fbed0, RBP=0x000000002d1fbf78, RSI=0x00000000778980c0, RDI=0x000000002d1fbf38
R8 =0x0000000000000004, R9 =0x00000000765e1b2d, R10=0xffffffffb3fb0d3c, R11=0x000000007764e4c0
R12=0x000000002a837600, R13=0x000000000000000c, R14=0x0000000000000000, R15=0x000000002a837600
RIP=0x0000000075e87926, EFLAGS=0x0000000000010202

Top of Stack: (sp=0x000000002d1fbed0)
0x000000002d1fbed0:   0000000000000000 000000002a837600
0x000000002d1fbee0:   000000002d1fbf78 000000000000000c
0x000000002d1fbef0:   000000002a832b00 000000002d1fbf78
0x000000002d1fbf00:   000000000000000c 0000000075b8f1f4
0x000000002d1fbf10:   000000002a832b78 0000000000000000
0x000000002d1fbf20:   000000002a832b60 0000000000000000
0x000000002d1fbf30:   000000002d1fbf70 0000000000000000
0x000000002d1fbf40:   000000002d1fbf50 0000000000000001
0x000000002d1fbf50:   000000000126aa98 0000000000000040
0x000000002d1fbf60:   00006838ee17737d 0000000075d14d17
0x000000002d1fbf70:   0000000000000000 000000002a836940
0x000000002d1fbf80:   000000002a8373c0 000000002a837600
0x000000002d1fbf90:   000000002d1fc0d0 0000000075b8e821
0x000000002d1fbfa0:   000000002a836940 00000000ffffffff
0x000000002d1fbfb0:   000000002a832b60 000000000000000c
0x000000002d1fbfc0:   000000002a832b60 0000000075d16cd5 

Instructions: (pc=0x0000000075e87926)
0x0000000075e87906:   0d 65 48 a1 01 48 8d 54 24 48 4c 8b c3 48 8b ce
0x0000000075e87916:   c6 44 24 20 00 e8 70 de cf ff 48 8b 08 48 89 0f
0x0000000075e87926:   ff 01 48 8b 5c 24 48 48 c7 44 24 48 00 00 00 00
0x0000000075e87936:   48 85 db 74 2b 8b 03 ff c8 74 15 89 03 48 8b c7 


Register to memory mapping:

RAX=0x000000002d1fbf18 is pointing into the stack for thread: 0x000000002a8c5000
RBX=0x000000002a837600 is an unknown value
RCX=0x0000000000000000 is an unknown value
RDX=0x0000000000000073 is an unknown value
RSP=0x000000002d1fbed0 is pointing into the stack for thread: 0x000000002a8c5000
RBP=0x000000002d1fbf78 is pointing into the stack for thread: 0x000000002a8c5000
RSI=0x00000000778980c0 is an unknown value
RDI=0x000000002d1fbf38 is pointing into the stack for thread: 0x000000002a8c5000
R8 =0x0000000000000004 is an unknown value
R9 =0x00000000765e1b2d is an unknown value
R10=0xffffffffb3fb0d3c is an unknown value
R11=0x000000007764e4c0 is an unknown value
R12=0x000000002a837600 is an unknown value
R13=0x000000000000000c is an unknown value
R14=0x0000000000000000 is an unknown value
R15=0x000000002a837600 is an unknown value


Stack: [0x000000002d100000,0x000000002d200000],  sp=0x000000002d1fbed0,  free space=1007k
Native frames: (J=compiled Java code, j=interpreted, Vv=VM code, C=native code)
C  [jfxwebkit.dll+0x857926]
C  [jfxwebkit.dll+0x55f1f4]
C  [jfxwebkit.dll+0x55e821]
C  [jfxwebkit.dll+0x6e6cd5]
C  [jfxwebkit.dll+0x6e7b76]
C  [jfxwebkit.dll+0x6eaa03]
C  [jfxwebkit.dll+0x5fc8ca]
C  [jfxwebkit.dll+0x5fce40]
C  [jfxwebkit.dll+0x5eae8c]
C  [jfxwebkit.dll+0x6226d3]
C  [jfxwebkit.dll+0x5ea751]
C  [jfxwebkit.dll+0x5fce47]
C  [jfxwebkit.dll+0x5eae8c]
C  [jfxwebkit.dll+0x6226d3]
C  [jfxwebkit.dll+0x5ea751]
C  [jfxwebkit.dll+0x5fce47]
C  [jfxwebkit.dll+0x5eae8c]
C  [jfxwebkit.dll+0x6226d3]
C  [jfxwebkit.dll+0x5ea751]
C  [jfxwebkit.dll+0x5fce47]
C  [jfxwebkit.dll+0x5eae8c]
C  [jfxwebkit.dll+0x6226d3]
C  [jfxwebkit.dll+0x5ea751]
C  [jfxwebkit.dll+0x5fce47]
C  [jfxwebkit.dll+0x5eae8c]
C  [jfxwebkit.dll+0x6d7649]
C  [jfxwebkit.dll+0x6226d3]
C  [jfxwebkit.dll+0x5c5c38]
C  [jfxwebkit.dll+0x5c447a]
C  [jfxwebkit.dll+0x5c3c88]
C  [jfxwebkit.dll+0x6cd324]
C  [jfxwebkit.dll+0x6226d3]
C  [jfxwebkit.dll+0x6d254f]
C  [jfxwebkit.dll+0x6ce146]
C  [jfxwebkit.dll+0x602241]
C  [jfxwebkit.dll+0x60297e]
C  [jfxwebkit.dll+0x60166f]
C  [jfxwebkit.dll+0x5ee389]
C  [jfxwebkit.dll+0x602241]
C  [jfxwebkit.dll+0x60297e]
C  [jfxwebkit.dll+0x60166f]
C  [jfxwebkit.dll+0x5ee389]
C  [jfxwebkit.dll+0x602241]
C  [jfxwebkit.dll+0x60297e]
C  [jfxwebkit.dll+0x60166f]
C  [jfxwebkit.dll+0x5ee389]
C  [jfxwebkit.dll+0x6fd85d]
C  [jfxwebkit.dll+0x4ebc18]
C  [jfxwebkit.dll+0x53ecbe]
C  0x0000000003457934

Java frames: (J=compiled Java code, j=interpreted, Vv=VM code)
j  com.sun.webkit.Timer.twkFireTimerEvent()V+0
j  com.sun.webkit.Timer.fireTimerEvent(J)V+45
j  com.sun.webkit.Timer.notifyTick()V+25
j  javafx.scene.web.WebEngine$PulseTimer.lambda$null$47()V+3
j  javafx.scene.web.WebEngine$PulseTimer$$Lambda$169.run()V+0
j  com.sun.javafx.application.PlatformImpl.lambda$null$173(Ljava/lang/Runnable;)Ljava/lang/Void;+1
j  com.sun.javafx.application.PlatformImpl$$Lambda$70.run()Ljava/lang/Object;+4
v  ~StubRoutines::call_stub
J 938  java.security.AccessController.doPrivileged(Ljava/security/PrivilegedAction;Ljava/security/AccessControlContext;)Ljava/lang/Object; (0 bytes) @ 0x0000000003754fa6 [0x0000000003754f40+0x66]
j  com.sun.javafx.application.PlatformImpl.lambda$runLater$174(Ljava/lang/Runnable;Ljava/security/AccessControlContext;)V+7
j  com.sun.javafx.application.PlatformImpl$$Lambda$69.run()V+8
j  com.sun.glass.ui.InvokeLaterDispatcher$Future.run()V+4
v  ~StubRoutines::call_stub
j  com.sun.glass.ui.win.WinApplication._runLoop(Ljava/lang/Runnable;)V+0
j  com.sun.glass.ui.win.WinApplication.lambda$null$148(ILjava/lang/Runnable;)V+8
j  com.sun.glass.ui.win.WinApplication$$Lambda$59.run()V+12
j  java.lang.Thread.run()V+11
v  ~StubRoutines::call_stub

---------------  P R O C E S S  ---------------

Java Threads: ( => current thread )
  0x000000002ad22800 JavaThread "Prism Font Disposer" daemon [_thread_blocked, id=11756, stack(0x0000000032830000,0x0000000032930000)]
  0x000000002ad26800 JavaThread "Timer-0" [_thread_blocked, id=2468, stack(0x000000002e370000,0x000000002e470000)]
  0x000000002ad1e000 JavaThread "URL-Loader-6" daemon [_thread_in_native, id=10236, stack(0x00000000301f0000,0x00000000302f0000)]
  0x000000002ad1f000 JavaThread "URL-Loader-5" daemon [_thread_blocked, id=9848, stack(0x00000000300f0000,0x00000000301f0000)]
  0x000000002ad24000 JavaThread "URL-Loader-4" daemon [_thread_blocked, id=2068, stack(0x000000002fff0000,0x00000000300f0000)]
  0x000000002ad25000 JavaThread "URL-Loader-3" daemon [_thread_blocked, id=11236, stack(0x000000002fef0000,0x000000002fff0000)]
  0x000000002ad23800 JavaThread "URL-Loader-2" daemon [_thread_blocked, id=1680, stack(0x000000002fdf0000,0x000000002fef0000)]
  0x000000002ad1f800 JavaThread "URL-Loader-1" daemon [_thread_blocked, id=5092, stack(0x000000002e770000,0x000000002e870000)]
  0x000000002ad1c800 JavaThread "DestroyJavaVM" [_thread_blocked, id=5908, stack(0x00000000031f0000,0x00000000032f0000)]
  0x000000002ad22000 JavaThread "Thread-11" [_thread_blocked, id=12396, stack(0x000000002e200000,0x000000002e300000)]
  0x000000002ad1c000 JavaThread "Thread-10" [_thread_blocked, id=16412, stack(0x000000002e100000,0x000000002e200000)]
  0x000000002a8c5800 JavaThread "Thread-9" [_thread_blocked, id=8608, stack(0x000000002e000000,0x000000002e100000)]
  0x000000002a8c2800 JavaThread "Disposer" daemon [_thread_blocked, id=11220, stack(0x000000002df00000,0x000000002e000000)]
  0x000000002a8c4000 JavaThread "Image Fetcher 1" daemon [_thread_blocked, id=15548, stack(0x000000002d800000,0x000000002d900000)]
  0x000000002a8c2000 JavaThread "Image Fetcher 0" daemon [_thread_blocked, id=17880, stack(0x000000002d700000,0x000000002d800000)]
  0x000000002a8c0800 JavaThread "Thread-6" daemon [_thread_in_native, id=7244, stack(0x000000002d200000,0x000000002d300000)]
=>0x000000002a8c5000 JavaThread "JavaFX Application Thread" [_thread_in_native, id=9184, stack(0x000000002d100000,0x000000002d200000)]
  0x000000002a8c1000 JavaThread "Thread-5" daemon [_thread_blocked, id=8876, stack(0x000000002d000000,0x000000002d100000)]
  0x000000002a8c6800 JavaThread "TimerQueue" daemon [_thread_blocked, id=4616, stack(0x000000002c430000,0x000000002c530000)]
  0x000000002a8c7000 JavaThread "Keep-Alive-Timer" daemon [_thread_blocked, id=9480, stack(0x000000002ca00000,0x000000002cb00000)]
  0x000000002073f800 JavaThread "AWT-EventQueue-0" [_thread_blocked, id=9756, stack(0x000000002b8a0000,0x000000002b9a0000)]
  0x00000000206c6800 JavaThread "AWT-Shutdown" [_thread_blocked, id=18436, stack(0x0000000020f60000,0x0000000021060000)]
  0x00000000206c5800 JavaThread "Java2D Disposer" daemon [_thread_blocked, id=15828, stack(0x0000000020e60000,0x0000000020f60000)]
  0x000000001e85e000 JavaThread "Service Thread" daemon [_thread_blocked, id=5628, stack(0x0000000020260000,0x0000000020360000)]
  0x000000001d0fe000 JavaThread "C1 CompilerThread3" daemon [_thread_blocked, id=5552, stack(0x0000000020160000,0x0000000020260000)]
  0x000000001d0f9800 JavaThread "C2 CompilerThread2" daemon [_thread_blocked, id=13348, stack(0x0000000020060000,0x0000000020160000)]
  0x000000001e7dc000 JavaThread "C2 CompilerThread1" daemon [_thread_blocked, id=18424, stack(0x000000001ff60000,0x0000000020060000)]
  0x000000001e7d5000 JavaThread "C2 CompilerThread0" daemon [_thread_blocked, id=18404, stack(0x000000001fe60000,0x000000001ff60000)]
  0x000000001e7d3000 JavaThread "Attach Listener" daemon [_thread_blocked, id=15016, stack(0x000000001fd60000,0x000000001fe60000)]
  0x000000001e7d2000 JavaThread "Signal Dispatcher" daemon [_thread_blocked, id=19128, stack(0x000000001fc60000,0x000000001fd60000)]
  0x000000001e7c3000 JavaThread "Finalizer" daemon [_thread_blocked, id=13992, stack(0x000000001fa40000,0x000000001fb40000)]
  0x000000001d0ec800 JavaThread "Reference Handler" daemon [_thread_blocked, id=15844, stack(0x000000001f940000,0x000000001fa40000)]

Other Threads:
  0x000000001e7a2800 VMThread [stack: 0x000000001f840000,0x000000001f940000] [id=10504]
  0x000000001e7f8800 WatcherThread [stack: 0x00000000204d0000,0x00000000205d0000] [id=11116]

VM state:not at safepoint (normal execution)

VM Mutex/Monitor currently owned by a thread: None

Heap:
 PSYoungGen      total 473600K, used 348997K [0x000000076af00000, 0x0000000789000000, 0x00000007c0000000)
  eden space 459776K, 75% used [0x000000076af00000,0x00000007801f3f78,0x0000000787000000)
  from space 13824K, 13% used [0x0000000787e80000,0x000000078805d698,0x0000000788c00000)
  to   space 14848K, 0% used [0x0000000787000000,0x0000000787000000,0x0000000787e80000)
 ParOldGen       total 74240K, used 20858K [0x00000006c0c00000, 0x00000006c5480000, 0x000000076af00000)
  object space 74240K, 28% used [0x00000006c0c00000,0x00000006c205eac0,0x00000006c5480000)
 Metaspace       used 31031K, capacity 31958K, committed 32128K, reserved 1077248K
  class space    used 4165K, capacity 4411K, committed 4480K, reserved 1048576K

Card table byte_map: [0x0000000012800000,0x0000000013000000] byte_map_base: 0x000000000f1fa000

Marking Bits: (ParMarkBitMap*) 0x0000000050dbb6d0
 Begin Bits: [0x0000000013f60000, 0x0000000017f30000)
 End Bits:   [0x0000000017f30000, 0x000000001bf00000)

Polling page: 0x0000000001210000

CodeCache: size=245760Kb used=11327Kb max_used=11473Kb free=234432Kb
 bounds [0x0000000003440000, 0x0000000003f80000, 0x0000000012440000]
 total_blobs=4227 nmethods=3372 adapters=768
 compilation: enabled

Compilation events (10 events):
Event: 4.954 Thread 0x000000001d0fe000 nmethod 3467 0x0000000003684290 code [0x00000000036843e0, 0x00000000036844f0]
Event: 4.954 Thread 0x000000001d0f9800 nmethod 3468 0x0000000003687190 code [0x00000000036872c0, 0x0000000003687398]
Event: 4.962 Thread 0x000000001d0fe000 3469       3       sun.nio.cs.SingleByte$Encoder::encodeLoop (28 bytes)
Event: 4.963 Thread 0x000000001d0fe000 nmethod 3469 0x000000000373c890 code [0x000000000373ca20, 0x000000000373cf58]
Event: 4.963 Thread 0x000000001d0fe000 3470   !   3       java.nio.charset.CharsetEncoder::encode (285 bytes)
Event: 4.963 Thread 0x000000001d0fe000 nmethod 3470 0x0000000003552d10 code [0x0000000003552fe0, 0x00000000035545d8]
Event: 4.963 Thread 0x000000001d0fe000 3471       3       java.io.BufferedWriter::min (9 bytes)
Event: 4.964 Thread 0x000000001d0fe000 nmethod 3471 0x000000000360fa10 code [0x000000000360fb60, 0x000000000360fcf0]
Event: 4.964 Thread 0x000000001d0fe000 3472       3       java.io.PrintStream::print (13 bytes)
Event: 4.964 Thread 0x000000001d0fe000 nmethod 3472 0x0000000003758590 code [0x0000000003758700, 0x00000000037588c8]

GC Heap History (10 events):
Event: 3.870 GC heap before
{Heap before GC invocations=5 (full 1):
 PSYoungGen      total 76288K, used 75586K [0x000000076af00000, 0x0000000773e00000, 0x00000007c0000000)
  eden space 65536K, 99% used [0x000000076af00000,0x000000076eee0a80,0x000000076ef00000)
  from space 10752K, 94% used [0x000000076ef00000,0x000000076f8f0110,0x000000076f980000)
  to   space 10752K, 0% used [0x0000000773380000,0x0000000773380000,0x0000000773e00000)
 ParOldGen       total 74240K, used 8351K [0x00000006c0c00000, 0x00000006c5480000, 0x000000076af00000)
  object space 74240K, 11% used [0x00000006c0c00000,0x00000006c1427d20,0x00000006c5480000)
 Metaspace       used 29982K, capacity 30778K, committed 30976K, reserved 1075200K
  class space    used 4066K, capacity 4289K, committed 4352K, reserved 1048576K
Event: 3.874 GC heap after
Heap after GC invocations=5 (full 1):
 PSYoungGen      total 135680K, used 10378K [0x000000076af00000, 0x0000000774100000, 0x00000007c0000000)
  eden space 124928K, 0% used [0x000000076af00000,0x000000076af00000,0x0000000772900000)
  from space 10752K, 96% used [0x0000000773380000,0x0000000773da2a30,0x0000000773e00000)
  to   space 10752K, 0% used [0x0000000772900000,0x0000000772900000,0x0000000773380000)
 ParOldGen       total 74240K, used 10699K [0x00000006c0c00000, 0x00000006c5480000, 0x000000076af00000)
  object space 74240K, 14% used [0x00000006c0c00000,0x00000006c1672da0,0x00000006c5480000)
 Metaspace       used 29982K, capacity 30778K, committed 30976K, reserved 1075200K
  class space    used 4066K, capacity 4289K, committed 4352K, reserved 1048576K
}
Event: 4.001 GC heap before
{Heap before GC invocations=6 (full 1):
 PSYoungGen      total 135680K, used 135306K [0x000000076af00000, 0x0000000774100000, 0x00000007c0000000)
  eden space 124928K, 100% used [0x000000076af00000,0x0000000772900000,0x0000000772900000)
  from space 10752K, 96% used [0x0000000773380000,0x0000000773da2a30,0x0000000773e00000)
  to   space 10752K, 0% used [0x0000000772900000,0x0000000772900000,0x0000000773380000)
 ParOldGen       total 74240K, used 10699K [0x00000006c0c00000, 0x00000006c5480000, 0x000000076af00000)
  object space 74240K, 14% used [0x00000006c0c00000,0x00000006c1672da0,0x00000006c5480000)
 Metaspace       used 30261K, capacity 31040K, committed 31232K, reserved 1077248K
  class space    used 4073K, capacity 4290K, committed 4352K, reserved 1048576K
Event: 4.005 GC heap after
Heap after GC invocations=6 (full 1):
 PSYoungGen      total 135680K, used 9037K [0x000000076af00000, 0x000000077b300000, 0x00000007c0000000)
  eden space 124928K, 0% used [0x000000076af00000,0x000000076af00000,0x0000000772900000)
  from space 10752K, 84% used [0x0000000772900000,0x00000007731d3638,0x0000000773380000)
  to   space 11776K, 0% used [0x000000077a780000,0x000000077a780000,0x000000077b300000)
 ParOldGen       total 74240K, used 10707K [0x00000006c0c00000, 0x00000006c5480000, 0x000000076af00000)
  object space 74240K, 14% used [0x00000006c0c00000,0x00000006c1674da0,0x00000006c5480000)
 Metaspace       used 30261K, capacity 31040K, committed 31232K, reserved 1077248K
  class space    used 4073K, capacity 4290K, committed 4352K, reserved 1048576K
}
Event: 4.313 GC heap before
{Heap before GC invocations=7 (full 1):
 PSYoungGen      total 135680K, used 133965K [0x000000076af00000, 0x000000077b300000, 0x00000007c0000000)
  eden space 124928K, 100% used [0x000000076af00000,0x0000000772900000,0x0000000772900000)
  from space 10752K, 84% used [0x0000000772900000,0x00000007731d3638,0x0000000773380000)
  to   space 11776K, 0% used [0x000000077a780000,0x000000077a780000,0x000000077b300000)
 ParOldGen       total 74240K, used 10707K [0x00000006c0c00000, 0x00000006c5480000, 0x000000076af00000)
  object space 74240K, 14% used [0x00000006c0c00000,0x00000006c1674da0,0x00000006c5480000)
 Metaspace       used 30445K, capacity 31292K, committed 31488K, reserved 1077248K
  class space    used 4093K, capacity 4328K, committed 4352K, reserved 1048576K
Event: 4.318 GC heap after
Heap after GC invocations=7 (full 1):
 PSYoungGen      total 252928K, used 11499K [0x000000076af00000, 0x000000077b300000, 0x00000007c0000000)
  eden space 241152K, 0% used [0x000000076af00000,0x000000076af00000,0x0000000779a80000)
  from space 11776K, 97% used [0x000000077a780000,0x000000077b2badf0,0x000000077b300000)
  to   space 12288K, 0% used [0x0000000779b00000,0x0000000779b00000,0x000000077a700000)
 ParOldGen       total 74240K, used 10715K [0x00000006c0c00000, 0x00000006c5480000, 0x000000076af00000)
  object space 74240K, 14% used [0x00000006c0c00000,0x00000006c1676da0,0x00000006c5480000)
 Metaspace       used 30445K, capacity 31292K, committed 31488K, reserved 1077248K
  class space    used 4093K, capacity 4328K, committed 4352K, reserved 1048576K
}
Event: 4.552 GC heap before
{Heap before GC invocations=8 (full 1):
 PSYoungGen      total 252928K, used 252651K [0x000000076af00000, 0x000000077b300000, 0x00000007c0000000)
  eden space 241152K, 100% used [0x000000076af00000,0x0000000779a80000,0x0000000779a80000)
  from space 11776K, 97% used [0x000000077a780000,0x000000077b2badf0,0x000000077b300000)
  to   space 12288K, 0% used [0x0000000779b00000,0x0000000779b00000,0x000000077a700000)
 ParOldGen       total 74240K, used 10715K [0x00000006c0c00000, 0x00000006c5480000, 0x000000076af00000)
  object space 74240K, 14% used [0x00000006c0c00000,0x00000006c1676da0,0x00000006c5480000)
 Metaspace       used 30581K, capacity 31420K, committed 31488K, reserved 1077248K
  class space    used 4100K, capacity 4328K, committed 4352K, reserved 1048576K
Event: 4.556 GC heap after
Heap after GC invocations=8 (full 1):
 PSYoungGen      total 253952K, used 2046K [0x000000076af00000, 0x0000000788c00000, 0x00000007c0000000)
  eden space 241664K, 0% used [0x000000076af00000,0x000000076af00000,0x0000000779b00000)
  from space 12288K, 16% used [0x0000000779b00000,0x0000000779cff8e0,0x000000077a700000)
  to   space 13824K, 0% used [0x0000000787e80000,0x0000000787e80000,0x0000000788c00000)
 ParOldGen       total 74240K, used 20696K [0x00000006c0c00000, 0x00000006c5480000, 0x000000076af00000)
  object space 74240K, 27% used [0x00000006c0c00000,0x00000006c2036278,0x00000006c5480000)
 Metaspace       used 30581K, capacity 31420K, committed 31488K, reserved 1077248K
  class space    used 4100K, capacity 4328K, committed 4352K, reserved 1048576K
}
Event: 4.590 GC heap before
{Heap before GC invocations=9 (full 1):
 PSYoungGen      total 253952K, used 243710K [0x000000076af00000, 0x0000000788c00000, 0x00000007c0000000)
  eden space 241664K, 100% used [0x000000076af00000,0x0000000779b00000,0x0000000779b00000)
  from space 12288K, 16% used [0x0000000779b00000,0x0000000779cff8e0,0x000000077a700000)
  to   space 13824K, 0% used [0x0000000787e80000,0x0000000787e80000,0x0000000788c00000)
 ParOldGen       total 74240K, used 20696K [0x00000006c0c00000, 0x00000006c5480000, 0x000000076af00000)
  object space 74240K, 27% used [0x00000006c0c00000,0x00000006c2036278,0x00000006c5480000)
 Metaspace       used 30589K, capacity 31420K, committed 31488K, reserved 1077248K
  class space    used 4100K, capacity 4328K, committed 4352K, reserved 1048576K
Event: 4.592 GC heap after
Heap after GC invocations=9 (full 1):
 PSYoungGen      total 473600K, used 1909K [0x000000076af00000, 0x0000000789000000, 0x00000007c0000000)
  eden space 459776K, 0% used [0x000000076af00000,0x000000076af00000,0x0000000787000000)
  from space 13824K, 13% used [0x0000000787e80000,0x000000078805d698,0x0000000788c00000)
  to   space 14848K, 0% used [0x0000000787000000,0x0000000787000000,0x0000000787e80000)
 ParOldGen       total 74240K, used 20858K [0x00000006c0c00000, 0x00000006c5480000, 0x000000076af00000)
  object space 74240K, 28% used [0x00000006c0c00000,0x00000006c205eac0,0x00000006c5480000)
 Metaspace       used 30589K, capacity 31420K, committed 31488K, reserved 1077248K
  class space    used 4100K, capacity 4328K, committed 4352K, reserved 1048576K
}

Deoptimization events (10 events):
Event: 4.180 Thread 0x000000002ad22800 Uncommon trap: reason=class_check action=maybe_recompile pc=0x0000000003b78914 method=java.util.concurrent.ConcurrentHashMap.putVal(Ljava/lang/Object;Ljava/lang/Object;Z)Ljava/lang/Object; @ 192
Event: 4.181 Thread 0x000000002ad22800 Uncommon trap: reason=class_check action=maybe_recompile pc=0x0000000003b78914 method=java.util.concurrent.ConcurrentHashMap.putVal(Ljava/lang/Object;Ljava/lang/Object;Z)Ljava/lang/Object; @ 192
Event: 4.353 Thread 0x000000002ad22800 Uncommon trap: reason=bimorphic action=maybe_recompile pc=0x0000000003ea8324 method=java.util.regex.Pattern$CharProperty.study(Ljava/util/regex/Pattern$TreeInfo;)Z @ 25
Event: 4.357 Thread 0x000000002ad22800 Uncommon trap: reason=bimorphic action=maybe_recompile pc=0x0000000003ea8324 method=java.util.regex.Pattern$CharProperty.study(Ljava/util/regex/Pattern$TreeInfo;)Z @ 25
Event: 4.360 Thread 0x000000002ad22800 Uncommon trap: reason=bimorphic action=maybe_recompile pc=0x0000000003ea8324 method=java.util.regex.Pattern$CharProperty.study(Ljava/util/regex/Pattern$TreeInfo;)Z @ 25
Event: 4.369 Thread 0x000000002ad22800 Uncommon trap: reason=bimorphic action=maybe_recompile pc=0x0000000003ea8324 method=java.util.regex.Pattern$CharProperty.study(Ljava/util/regex/Pattern$TreeInfo;)Z @ 25
Event: 4.378 Thread 0x000000002a8c5800 Uncommon trap: reason=unstable_if action=reinterpret pc=0x0000000003e5a090 method=java.lang.String.lastIndexOf([CII[CIII)I @ 17
Event: 4.594 Thread 0x000000002ad1f800 Uncommon trap: reason=unstable_if action=reinterpret pc=0x0000000003e0e638 method=java.text.DigitList.getStringBuffer()Ljava/lang/StringBuffer; @ 4
Event: 4.594 Thread 0x000000002ad1f800 Uncommon trap: reason=unstable_if action=reinterpret pc=0x0000000003dfc4d4 method=java.text.DigitList.getStringBuffer()Ljava/lang/StringBuffer; @ 4
Event: 4.933 Thread 0x000000002a8c5000 Uncommon trap: reason=unstable_if action=reinterpret pc=0x0000000003f5cac4 method=java.io.WinNTFileSystem.normalize(Ljava/lang/String;)Ljava/lang/String; @ 74

Internal exceptions (10 events):
Event: 3.635 Thread 0x000000002ad22800 Exception <a 'java/lang/ArrayIndexOutOfBoundsException': 60> (0x000000076c5dbfb0) thrown at [C:\re\workspace\8-2-build-windows-amd64-cygwin\jdk8u121\8372\hotspot\src\share\vm\interpreter\interpreterRuntime.cpp, line 366]
Event: 3.638 Thread 0x000000002ad22800 Exception <a 'java/lang/ArrayIndexOutOfBoundsException'> (0x000000076c5ea930) thrown at [C:\re\workspace\8-2-build-windows-amd64-cygwin\jdk8u121\8372\hotspot\src\share\vm\runtime\sharedRuntime.cpp, line 605]
Event: 3.638 Thread 0x000000002ad22800 Exception <a 'java/lang/ArrayIndexOutOfBoundsException'> (0x000000076c5ebcf8) thrown at [C:\re\workspace\8-2-build-windows-amd64-cygwin\jdk8u121\8372\hotspot\src\share\vm\runtime\sharedRuntime.cpp, line 605]
Event: 3.650 Thread 0x000000002ad22800 Exception <a 'java/lang/ArrayIndexOutOfBoundsException'> (0x000000076c70c108) thrown at [C:\re\workspace\8-2-build-windows-amd64-cygwin\jdk8u121\8372\hotspot\src\share\vm\runtime\sharedRuntime.cpp, line 605]
Event: 3.688 Thread 0x000000002a8c5000 Exception <a 'sun/nio/fs/WindowsException'> (0x000000076c959cf8) thrown at [C:\re\workspace\8-2-build-windows-amd64-cygwin\jdk8u121\8372\hotspot\src\share\vm\prims\jni.cpp, line 709]
Event: 3.689 Thread 0x000000002a8c5000 Exception <a 'sun/nio/fs/WindowsException'> (0x000000076c95b638) thrown at [C:\re\workspace\8-2-build-windows-amd64-cygwin\jdk8u121\8372\hotspot\src\share\vm\prims\jni.cpp, line 709]
Event: 4.150 Thread 0x000000002ad1c000 Implicit null exception at 0x0000000003dc4eef to 0x0000000003dc5455
Event: 4.619 Thread 0x000000002a8c5000 Exception <a 'java/lang/ClassNotFoundException': sun/net/www/protocol/about/Handler> (0x000000076b356ea8) thrown at [C:\re\workspace\8-2-build-windows-amd64-cygwin\jdk8u121\8372\hotspot\src\share\vm\classfile\systemDictionary.cpp, line 210]
Event: 4.924 Thread 0x000000002a8c5000 Exception <a 'java/io/FileNotFoundException'> (0x000000077f51cac8) thrown at [C:\re\workspace\8-2-build-windows-amd64-cygwin\jdk8u121\8372\hotspot\src\share\vm\prims\jni.cpp, line 709]
Event: 4.946 Thread 0x000000002ad28000 Exception <a 'java/lang/IllegalStateException'> (0x000000077f958e20) thrown at [C:\re\workspace\8-2-build-windows-amd64-cygwin\jdk8u121\8372\hotspot\src\share\vm\prims\jvm.cpp, line 1394]

Events (10 events):
Event: 4.949 loading class com/sun/javafx/font/directwrite/RECT done
Event: 4.949 loading class com/sun/javafx/font/directwrite/DWRITE_GLYPH_RUN
Event: 4.949 loading class com/sun/javafx/font/directwrite/DWRITE_GLYPH_RUN done
Event: 4.950 loading class com/sun/javafx/font/directwrite/DWRITE_GLYPH_METRICS
Event: 4.950 loading class com/sun/javafx/font/directwrite/DWRITE_GLYPH_METRICS done
Event: 4.961 Thread 0x000000002a8c3800 Thread exited: 0x000000002a8c3800
Event: 4.962 loading class java/lang/Throwable$WrappedPrintStream
Event: 4.962 loading class java/lang/Throwable$PrintStreamOrWriter
Event: 4.962 loading class java/lang/Throwable$PrintStreamOrWriter done
Event: 4.962 loading class java/lang/Throwable$WrappedPrintStream done


Dynamic libraries:
0x00007ff7d3d00000 - 0x00007ff7d3d37000 	C:\Program Files\Java\jdk1.8.0_121\bin\java.exe
0x00007ff829330000 - 0x00007ff829526000 	C:\Windows\SYSTEM32\ntdll.dll
0x00007ff8287b0000 - 0x00007ff82886d000 	C:\Windows\System32\KERNEL32.DLL
0x00007ff826e40000 - 0x00007ff827108000 	C:\Windows\System32\KERNELBASE.dll
0x00007ff827b10000 - 0x00007ff827bba000 	C:\Windows\System32\ADVAPI32.dll
0x00007ff828cd0000 - 0x00007ff828d6e000 	C:\Windows\System32\msvcrt.dll
0x00007ff828710000 - 0x00007ff8287ab000 	C:\Windows\System32\sechost.dll
0x00007ff828870000 - 0x00007ff828994000 	C:\Windows\System32\RPCRT4.dll
0x00007ff828b30000 - 0x00007ff828cd0000 	C:\Windows\System32\USER32.dll
0x00007ff826b80000 - 0x00007ff826ba2000 	C:\Windows\System32\win32u.dll
0x00007ff8273a0000 - 0x00007ff8273ca000 	C:\Windows\System32\GDI32.dll
0x00007ff826c10000 - 0x00007ff826d19000 	C:\Windows\System32\gdi32full.dll
0x00007ff826d20000 - 0x00007ff826dbd000 	C:\Windows\System32\msvcp_win.dll
0x00007ff827270000 - 0x00007ff827370000 	C:\Windows\System32\ucrtbase.dll
0x00007ff81d4b0000 - 0x00007ff81d74b000 	C:\Windows\WinSxS\amd64_microsoft.windows.common-controls_6595b64144ccf1df_6.0.19041.488_none_ca04af081b815d21\COMCTL32.dll
0x00007ff828040000 - 0x00007ff828070000 	C:\Windows\System32\IMM32.DLL
0x00000000504c0000 - 0x0000000050592000 	C:\Program Files\Java\jdk1.8.0_121\jre\bin\msvcr100.dll
0x00000000505a0000 - 0x0000000050e3b000 	C:\Program Files\Java\jdk1.8.0_121\jre\bin\server\jvm.dll
0x00007ff828010000 - 0x00007ff828018000 	C:\Windows\System32\PSAPI.DLL
0x00007ff81ba10000 - 0x00007ff81ba37000 	C:\Windows\SYSTEM32\WINMM.dll
0x00007ff81faa0000 - 0x00007ff81faaa000 	C:\Windows\SYSTEM32\VERSION.dll
0x00007ff814920000 - 0x00007ff814929000 	C:\Windows\SYSTEM32\WSOCK32.dll
0x00007ff8283e0000 - 0x00007ff82844b000 	C:\Windows\System32\WS2_32.dll
0x0000000050470000 - 0x000000005047f000 	C:\Program Files\Java\jdk1.8.0_121\jre\bin\verify.dll
0x0000000050440000 - 0x0000000050469000 	C:\Program Files\Java\jdk1.8.0_121\jre\bin\java.dll
0x0000000050420000 - 0x0000000050436000 	C:\Program Files\Java\jdk1.8.0_121\jre\bin\zip.dll
0x00007ff8273d0000 - 0x00007ff827b10000 	C:\Windows\System32\SHELL32.dll
0x00007ff824bf0000 - 0x00007ff825384000 	C:\Windows\SYSTEM32\windows.storage.dll
0x00007ff827cb0000 - 0x00007ff828005000 	C:\Windows\System32\combase.dll
0x00007ff8264f0000 - 0x00007ff82651c000 	C:\Windows\SYSTEM32\Wldp.dll
0x00007ff828d70000 - 0x00007ff828e1e000 	C:\Windows\System32\SHCORE.dll
0x00007ff827c50000 - 0x00007ff827ca5000 	C:\Windows\System32\shlwapi.dll
0x00007ff8269b0000 - 0x00007ff8269d6000 	C:\Windows\SYSTEM32\profapi.dll
0x0000000050240000 - 0x00000000503d8000 	C:\Program Files\Java\jdk1.8.0_121\jre\bin\awt.dll
0x00007ff828280000 - 0x00007ff82834d000 	C:\Windows\System32\OLEAUT32.dll
0x00007ff824360000 - 0x00007ff8243f0000 	C:\Windows\SYSTEM32\apphelp.dll
0x00007ff8248e0000 - 0x00007ff82490f000 	C:\Windows\system32\DWMAPI.DLL
0x00007ff824520000 - 0x00007ff8245bf000 	C:\Windows\system32\uxtheme.dll
0x00007ff820a20000 - 0x00007ff820b45000 	C:\Windows\system32\opengl32.dll
0x00007ff8211a0000 - 0x00007ff8211cc000 	C:\Windows\SYSTEM32\GLU32.dll
0x00007ff8285f0000 - 0x00007ff828705000 	C:\Windows\System32\MSCTF.dll
0x00007ff828a00000 - 0x00007ff828b2a000 	C:\Windows\System32\ole32.dll
0x00007ff824910000 - 0x00007ff824922000 	C:\Windows\SYSTEM32\kernel.appcore.dll
0x00007ff826dc0000 - 0x00007ff826e3f000 	C:\Windows\System32\bcryptPrimitives.dll
0x00007ff8178b0000 - 0x00007ff817a7e000 	C:\Windows\system32\d3d9.dll
0x00007ff827110000 - 0x00007ff82726d000 	C:\Windows\System32\crypt32.dll
0x00007ff81fa40000 - 0x00007ff81fa71000 	C:\Windows\SYSTEM32\cryptnet.dll
0x00007ff826460000 - 0x00007ff82646c000 	C:\Windows\SYSTEM32\cryptbase.dll
0x00007ff826bb0000 - 0x00007ff826c10000 	C:\Windows\System32\WINTRUST.DLL
0x00007ff826670000 - 0x00007ff826682000 	C:\Windows\SYSTEM32\MSASN1.dll
0x00007ff828020000 - 0x00007ff82803d000 	C:\Windows\System32\imagehlp.dll
0x00007ff826440000 - 0x00007ff826458000 	C:\Windows\SYSTEM32\CRYPTSP.dll
0x00007ff825b90000 - 0x00007ff825bc4000 	C:\Windows\system32\rsaenh.dll
0x00007ff827370000 - 0x00007ff827397000 	C:\Windows\System32\bcrypt.dll
0x00007ffffe9a0000 - 0x00007ffffec4e000 	C:\Windows\system32\nvspcap64.dll
0x00007ff8257c0000 - 0x00007ff8257f3000 	C:\Windows\SYSTEM32\ntmarta.dll
0x00007ff8253a0000 - 0x00007ff8253c3000 	C:\Windows\SYSTEM32\gpapi.dll
0x00007ff810390000 - 0x00007ff8103cb000 	C:\Windows\SYSTEM32\dxcore.dll
0x00007ff826b30000 - 0x00007ff826b7e000 	C:\Windows\System32\cfgmgr32.dll
0x00000000501f0000 - 0x0000000050237000 	C:\Program Files\Java\jdk1.8.0_121\jre\bin\fontmanager.dll
0x00007ff828530000 - 0x00007ff8285d9000 	C:\Windows\System32\clbcatq.dll
0x00007ff812800000 - 0x00007ff8129b4000 	C:\Windows\SYSTEM32\WindowsCodecs.dll
0x00007ff811180000 - 0x00007ff8111be000 	C:\Windows\system32\dataexchange.dll
0x00007ff823860000 - 0x00007ff823a45000 	C:\Windows\system32\dcomp.dll
0x00007ff822d10000 - 0x00007ff822f74000 	C:\Windows\system32\d3d11.dll
0x00007ff8253d0000 - 0x00007ff8254c3000 	C:\Windows\system32\dxgi.dll
0x00007ff81fae0000 - 0x00007ff81fce8000 	C:\Windows\system32\twinapi.appcore.dll
0x0000000050400000 - 0x000000005041a000 	C:\Program Files\Java\jdk1.8.0_121\jre\bin\net.dll
0x00007ff826270000 - 0x00007ff8262da000 	C:\Windows\system32\mswsock.dll
0x00000000503e0000 - 0x00000000503f1000 	C:\Program Files\Java\jdk1.8.0_121\jre\bin\nio.dll
0x00000000501a0000 - 0x00000000501e2000 	C:\Program Files\Java\jdk1.8.0_121\jre\bin\t2k.dll
0x00007ff8171a0000 - 0x00007ff81729c000 	C:\Windows\SYSTEM32\textinputframework.dll
0x00007ff824130000 - 0x00007ff824222000 	C:\Windows\System32\CoreMessaging.dll
0x00007ff823dd0000 - 0x00007ff82412e000 	C:\Windows\System32\CoreUIComponents.dll
0x00007ff823540000 - 0x00007ff823696000 	C:\Windows\SYSTEM32\wintypes.dll
0x0000000050130000 - 0x0000000050154000 	C:\Program Files\Java\jdk1.8.0_121\jre\bin\sunec.dll
0x00007ff825f10000 - 0x00007ff825f4b000 	C:\Windows\SYSTEM32\IPHLPAPI.DLL
0x00007ff828350000 - 0x00007ff828359000 	C:\Windows\System32\NSI.dll
0x00007ff820ed0000 - 0x00007ff820ee7000 	C:\Windows\SYSTEM32\dhcpcsvc6.DLL
0x00007ff820eb0000 - 0x00007ff820ecd000 	C:\Windows\SYSTEM32\dhcpcsvc.DLL
0x00007ff825f60000 - 0x00007ff82602b000 	C:\Windows\SYSTEM32\DNSAPI.dll
0x00007ff826930000 - 0x00007ff82695e000 	C:\Windows\SYSTEM32\USERENV.dll
0x0000000050120000 - 0x000000005012b000 	C:\Program Files\Java\jdk1.8.0_121\jre\bin\sunmscapi.dll
0x00007ff818030000 - 0x00007ff818047000 	C:\Windows\system32\napinsp.dll
0x00007ff818010000 - 0x00007ff81802b000 	C:\Windows\system32\pnrpnsp.dll
0x00007ff817f60000 - 0x00007ff817f75000 	C:\Windows\system32\wshbth.dll
0x00007ff8236a0000 - 0x00007ff8236bd000 	C:\Windows\system32\NLAapi.dll
0x00007ff817ff0000 - 0x00007ff818002000 	C:\Windows\System32\winrnr.dll
0x00000000522c0000 - 0x00000000522e6000 	C:\Program Files\Bonjour\mdnsNSP.dll
0x00007ff81eb30000 - 0x00007ff81ebaf000 	C:\Windows\System32\fwpuclnt.dll
0x00007ff81fa80000 - 0x00007ff81fa8a000 	C:\Windows\System32\rasadhlp.dll
0x0000000050100000 - 0x0000000050117000 	C:\Program Files\Java\jdk1.8.0_121\jre\bin\unpack.dll
0x00007ff8170b0000 - 0x00007ff81719f000 	C:\Program Files\Java\jdk1.8.0_121\jre\bin\msvcr120.dll
0x00007ff81ffd0000 - 0x00007ff820076000 	C:\Program Files\Java\jdk1.8.0_121\jre\bin\msvcp120.dll
0x00000000500a0000 - 0x00000000500c2000 	C:\Program Files\Java\jdk1.8.0_121\jre\bin\prism_d3d.dll
0x0000000050050000 - 0x0000000050093000 	C:\Program Files\Java\jdk1.8.0_121\jre\bin\glass.dll
0x00007ff828450000 - 0x00007ff82852a000 	C:\Windows\System32\COMDLG32.dll
0x0000000050030000 - 0x0000000050044000 	C:\Program Files\Java\jdk1.8.0_121\jre\bin\javafx_font.dll
0x00007ff812110000 - 0x00007ff81238f000 	C:\Windows\SYSTEM32\dwrite.dll
0x0000000075630000 - 0x0000000077a03000 	C:\Program Files\Java\jdk1.8.0_121\jre\bin\jfxwebkit.dll
0x00007ff81d750000 - 0x00007ff81d934000 	C:\Windows\SYSTEM32\dbghelp.dll

VM Arguments:
java_command: C:\Users\inuckles\AppData\Roaming\.hispano_launcher\launcher\yofenix.jar
java_class_path (initial): C:\Users\inuckles\AppData\Roaming\.hispano_launcher\launcher\yofenix.jar
Launcher Type: SUN_STANDARD

Environment Variables:
PATH=C:\Program Files (x86)\Common Files\Oracle\Java\javapath;C:\Windows\system32;C:\Windows;C:\Windows\System32\Wbem;C:\Windows\System32\WindowsPowerShell\v1.0\;C:\Windows\System32\OpenSSH\;C:\Program Files (x86)\NVIDIA Corporation\PhysX\Common;C:\Program Files\NVIDIA Corporation\NVIDIA NvDLISR;C:\Program Files\nodejs\;C:\Users\inuckles\AppData\Local\Microsoft\WindowsApps;C:\Users\inuckles\AppData\Roaming\npm
USERNAME=inuckles
OS=Windows_NT
PROCESSOR_IDENTIFIER=AMD64 Family 23 Model 113 Stepping 0, AuthenticAMD



---------------  S Y S T E M  ---------------

OS: Windows 10.0 , 64 bit Build 19041 (10.0.19041.546)

CPU:total 12 (12 cores per cpu, 1 threads per core) family 23 model 113 stepping 0, cmov, cx8, fxsr, mmx, sse, sse2, sse3, ssse3, sse4.1, sse4.2, popcnt, avx, avx2, aes, clmul, mmxext, 3dnowpref, lzcnt, sse4a, tsc, tscinvbit, tscinv, bmi1

Memory: 4k page, physical 16726972k(10186944k free), swap 24853436k(14002956k free)

vm_info: Java HotSpot(TM) 64-Bit Server VM (25.121-b13) for windows-amd64 JRE (1.8.0_121-b13), built on Dec 12 2016 18:21:36 by "java_re" with MS VC++ 10.0 (VS2010)

time: Fri Oct 09 17:38:17 2020
elapsed time: 5 seconds (0d 0h 0m 5s)

